<?xml version="1.0" encoding="UTF-8"?>
<!-- Generated by org.testng.reporters.JUnitReportReporter -->
<testsuite hostname="Admin" failures="0" tests="3" name="conestoga.ApiTest" time="2.360" errors="0" timestamp="2024-12-01T16:22:26 EST" skipped="0">
  <testcase classname="conestoga.ApiTest" name="testGetRequest" time="0.099"/>
  <system-out/>
  <testcase classname="conestoga.ApiTest" name="testPostRequest" time="0.188"/>
  <system-out/>
  <testcase classname="conestoga.ApiTest" name="testAllPosts" time="2.073"/>
  <system-out/>
</testsuite> <!-- conestoga.ApiTest -->
